{"/Users/dylanwatanabe/Desktop/Desktop Stuff/Cal Poly Files/Fall 2024/CSC 308/project_directory/ToDoList-308/backend/Task.js": {"path":"/Users/dylanwatanabe/Desktop/Desktop Stuff/Cal Poly Files/Fall 2024/CSC 308/project_directory/ToDoList-308/backend/Task.js","statementMap":{"0":{"start":{"line":3,"column":19},"end":{"line":57,"column":1}},"1":{"start":{"line":22,"column":10},"end":{"line":22,"column":39}},"2":{"start":{"line":25,"column":10},"end":{"line":25,"column":70}},"3":{"start":{"line":59,"column":0},"end":{"line":64,"column":3}},"4":{"start":{"line":60,"column":2},"end":{"line":62,"column":3}},"5":{"start":{"line":61,"column":4},"end":{"line":61,"column":39}},"6":{"start":{"line":63,"column":2},"end":{"line":63,"column":9}},"7":{"start":{"line":65,"column":13},"end":{"line":65,"column":47}}},"fnMap":{"0":{"name":"(anonymous_0)","decl":{"start":{"line":20,"column":19},"end":{"line":20,"column":20}},"loc":{"start":{"line":20,"column":36},"end":{"line":23,"column":9}},"line":20},"1":{"name":"(anonymous_1)","decl":{"start":{"line":24,"column":17},"end":{"line":24,"column":18}},"loc":{"start":{"line":25,"column":10},"end":{"line":25,"column":70}},"line":25},"2":{"name":"(anonymous_2)","decl":{"start":{"line":59,"column":23},"end":{"line":59,"column":24}},"loc":{"start":{"line":59,"column":39},"end":{"line":64,"column":1}},"line":59}},"branchMap":{"0":{"loc":{"start":{"line":60,"column":2},"end":{"line":62,"column":3}},"type":"if","locations":[{"start":{"line":60,"column":2},"end":{"line":62,"column":3}},{"start":{},"end":{}}],"line":60}},"s":{"0":2,"1":0,"2":0,"3":2,"4":0,"5":0,"6":0,"7":2},"f":{"0":0,"1":0,"2":0},"b":{"0":[0,0]},"_coverageSchema":"1a1c01bbd47fc00a2c39e90264f33305004495a9","hash":"cb0972b6df7fc59133bc4d619219742ab251ed3f"}
,"/Users/dylanwatanabe/Desktop/Desktop Stuff/Cal Poly Files/Fall 2024/CSC 308/project_directory/ToDoList-308/backend/User.js": {"path":"/Users/dylanwatanabe/Desktop/Desktop Stuff/Cal Poly Files/Fall 2024/CSC 308/project_directory/ToDoList-308/backend/User.js","statementMap":{"0":{"start":{"line":3,"column":19},"end":{"line":34,"column":1}},"1":{"start":{"line":10,"column":8},"end":{"line":11,"column":71}},"2":{"start":{"line":11,"column":10},"end":{"line":11,"column":71}},"3":{"start":{"line":19,"column":8},"end":{"line":20,"column":67}},"4":{"start":{"line":20,"column":10},"end":{"line":20,"column":67}},"5":{"start":{"line":28,"column":8},"end":{"line":29,"column":68}},"6":{"start":{"line":29,"column":10},"end":{"line":29,"column":68}},"7":{"start":{"line":35,"column":13},"end":{"line":35,"column":71}}},"fnMap":{"0":{"name":"(anonymous_0)","decl":{"start":{"line":9,"column":6},"end":{"line":9,"column":7}},"loc":{"start":{"line":9,"column":22},"end":{"line":12,"column":7}},"line":9},"1":{"name":"(anonymous_1)","decl":{"start":{"line":18,"column":6},"end":{"line":18,"column":7}},"loc":{"start":{"line":18,"column":22},"end":{"line":21,"column":7}},"line":18},"2":{"name":"(anonymous_2)","decl":{"start":{"line":27,"column":6},"end":{"line":27,"column":7}},"loc":{"start":{"line":27,"column":22},"end":{"line":30,"column":7}},"line":27}},"branchMap":{"0":{"loc":{"start":{"line":10,"column":8},"end":{"line":11,"column":71}},"type":"if","locations":[{"start":{"line":10,"column":8},"end":{"line":11,"column":71}},{"start":{},"end":{}}],"line":10},"1":{"loc":{"start":{"line":19,"column":8},"end":{"line":20,"column":67}},"type":"if","locations":[{"start":{"line":19,"column":8},"end":{"line":20,"column":67}},{"start":{},"end":{}}],"line":19},"2":{"loc":{"start":{"line":28,"column":8},"end":{"line":29,"column":68}},"type":"if","locations":[{"start":{"line":28,"column":8},"end":{"line":29,"column":68}},{"start":{},"end":{}}],"line":28},"3":{"loc":{"start":{"line":35,"column":13},"end":{"line":35,"column":71}},"type":"binary-expr","locations":[{"start":{"line":35,"column":13},"end":{"line":35,"column":33}},{"start":{"line":35,"column":37},"end":{"line":35,"column":71}}],"line":35}},"s":{"0":2,"1":0,"2":0,"3":0,"4":0,"5":0,"6":0,"7":2},"f":{"0":0,"1":0,"2":0},"b":{"0":[0,0],"1":[0,0],"2":[0,0],"3":[2,2]},"_coverageSchema":"1a1c01bbd47fc00a2c39e90264f33305004495a9","hash":"9a7bf5ccc979576d7be3d80ee60b45a923b25f1f"}
,"/Users/dylanwatanabe/Desktop/Desktop Stuff/Cal Poly Files/Fall 2024/CSC 308/project_directory/ToDoList-308/backend/taskservices.js": {"path":"/Users/dylanwatanabe/Desktop/Desktop Stuff/Cal Poly Files/Fall 2024/CSC 308/project_directory/ToDoList-308/backend/taskservices.js","statementMap":{"0":{"start":{"line":5,"column":0},"end":{"line":5,"column":28}},"1":{"start":{"line":6,"column":0},"end":{"line":6,"column":16}},"2":{"start":{"line":7,"column":0},"end":{"line":12,"column":40}},"3":{"start":{"line":12,"column":20},"end":{"line":12,"column":38}},"4":{"start":{"line":16,"column":2},"end":{"line":20,"column":3}},"5":{"start":{"line":17,"column":4},"end":{"line":17,"column":31}},"6":{"start":{"line":19,"column":4},"end":{"line":19,"column":35}},"7":{"start":{"line":21,"column":2},"end":{"line":21,"column":17}},"8":{"start":{"line":26,"column":2},"end":{"line":36,"column":3}},"9":{"start":{"line":27,"column":4},"end":{"line":27,"column":63}},"10":{"start":{"line":29,"column":4},"end":{"line":35,"column":7}},"11":{"start":{"line":30,"column":6},"end":{"line":32,"column":7}},"12":{"start":{"line":31,"column":8},"end":{"line":31,"column":42}},"13":{"start":{"line":33,"column":6},"end":{"line":33,"column":33}},"14":{"start":{"line":34,"column":6},"end":{"line":34,"column":25}},"15":{"start":{"line":37,"column":2},"end":{"line":37,"column":17}},"16":{"start":{"line":42,"column":2},"end":{"line":52,"column":3}},"17":{"start":{"line":43,"column":4},"end":{"line":43,"column":63}},"18":{"start":{"line":45,"column":4},"end":{"line":51,"column":7}},"19":{"start":{"line":46,"column":6},"end":{"line":48,"column":7}},"20":{"start":{"line":47,"column":8},"end":{"line":47,"column":42}},"21":{"start":{"line":49,"column":6},"end":{"line":49,"column":34}},"22":{"start":{"line":50,"column":6},"end":{"line":50,"column":25}},"23":{"start":{"line":53,"column":2},"end":{"line":53,"column":17}},"24":{"start":{"line":61,"column":2},"end":{"line":61,"column":38}},"25":{"start":{"line":63,"column":2},"end":{"line":68,"column":3}},"26":{"start":{"line":67,"column":4},"end":{"line":67,"column":80}},"27":{"start":{"line":71,"column":22},"end":{"line":71,"column":43}},"28":{"start":{"line":72,"column":2},"end":{"line":72,"column":75}},"29":{"start":{"line":74,"column":20},"end":{"line":74,"column":41}},"30":{"start":{"line":75,"column":2},"end":{"line":75,"column":47}},"31":{"start":{"line":77,"column":19},"end":{"line":94,"column":3}},"32":{"start":{"line":96,"column":2},"end":{"line":96,"column":42}},"33":{"start":{"line":97,"column":2},"end":{"line":97,"column":17}},"34":{"start":{"line":105,"column":2},"end":{"line":105,"column":38}},"35":{"start":{"line":107,"column":2},"end":{"line":112,"column":3}},"36":{"start":{"line":111,"column":4},"end":{"line":111,"column":80}},"37":{"start":{"line":115,"column":22},"end":{"line":115,"column":43}},"38":{"start":{"line":117,"column":2},"end":{"line":117,"column":75}},"39":{"start":{"line":119,"column":20},"end":{"line":119,"column":41}},"40":{"start":{"line":120,"column":2},"end":{"line":120,"column":47}},"41":{"start":{"line":122,"column":2},"end":{"line":122,"column":63}},"42":{"start":{"line":123,"column":2},"end":{"line":123,"column":59}},"43":{"start":{"line":125,"column":19},"end":{"line":142,"column":3}},"44":{"start":{"line":144,"column":2},"end":{"line":144,"column":42}},"45":{"start":{"line":146,"column":2},"end":{"line":155,"column":7}},"46":{"start":{"line":148,"column":6},"end":{"line":148,"column":37}},"47":{"start":{"line":149,"column":6},"end":{"line":151,"column":9}},"48":{"start":{"line":150,"column":8},"end":{"line":150,"column":51}},"49":{"start":{"line":154,"column":6},"end":{"line":154,"column":45}},"50":{"start":{"line":157,"column":2},"end":{"line":157,"column":17}},"51":{"start":{"line":161,"column":2},"end":{"line":161,"column":40}},"52":{"start":{"line":165,"column":20},"end":{"line":165,"column":39}},"53":{"start":{"line":166,"column":18},"end":{"line":166,"column":34}},"54":{"start":{"line":167,"column":2},"end":{"line":167,"column":17}}},"fnMap":{"0":{"name":"(anonymous_0)","decl":{"start":{"line":12,"column":9},"end":{"line":12,"column":10}},"loc":{"start":{"line":12,"column":20},"end":{"line":12,"column":38}},"line":12},"1":{"name":"getTask","decl":{"start":{"line":14,"column":9},"end":{"line":14,"column":16}},"loc":{"start":{"line":14,"column":21},"end":{"line":22,"column":1}},"line":14},"2":{"name":"setTaskTrue","decl":{"start":{"line":24,"column":9},"end":{"line":24,"column":20}},"loc":{"start":{"line":24,"column":29},"end":{"line":38,"column":1}},"line":24},"3":{"name":"(anonymous_3)","decl":{"start":{"line":29,"column":46},"end":{"line":29,"column":47}},"loc":{"start":{"line":29,"column":56},"end":{"line":35,"column":5}},"line":29},"4":{"name":"setTaskFalse","decl":{"start":{"line":40,"column":9},"end":{"line":40,"column":21}},"loc":{"start":{"line":40,"column":30},"end":{"line":54,"column":1}},"line":40},"5":{"name":"(anonymous_5)","decl":{"start":{"line":45,"column":46},"end":{"line":45,"column":47}},"loc":{"start":{"line":45,"column":56},"end":{"line":51,"column":5}},"line":45},"6":{"name":"getWeekTasksTrue","decl":{"start":{"line":60,"column":9},"end":{"line":60,"column":25}},"loc":{"start":{"line":60,"column":47},"end":{"line":98,"column":1}},"line":60},"7":{"name":"getWeekTasksFalse","decl":{"start":{"line":104,"column":9},"end":{"line":104,"column":26}},"loc":{"start":{"line":104,"column":48},"end":{"line":158,"column":1}},"line":104},"8":{"name":"(anonymous_8)","decl":{"start":{"line":147,"column":10},"end":{"line":147,"column":11}},"loc":{"start":{"line":147,"column":22},"end":{"line":152,"column":5}},"line":147},"9":{"name":"(anonymous_9)","decl":{"start":{"line":149,"column":21},"end":{"line":149,"column":22}},"loc":{"start":{"line":149,"column":31},"end":{"line":151,"column":7}},"line":149},"10":{"name":"(anonymous_10)","decl":{"start":{"line":153,"column":11},"end":{"line":153,"column":12}},"loc":{"start":{"line":153,"column":22},"end":{"line":155,"column":5}},"line":153},"11":{"name":"findTaskByUserId","decl":{"start":{"line":160,"column":9},"end":{"line":160,"column":25}},"loc":{"start":{"line":160,"column":30},"end":{"line":162,"column":1}},"line":160},"12":{"name":"addTask","decl":{"start":{"line":164,"column":9},"end":{"line":164,"column":16}},"loc":{"start":{"line":164,"column":23},"end":{"line":168,"column":1}},"line":164}},"branchMap":{"0":{"loc":{"start":{"line":16,"column":2},"end":{"line":20,"column":3}},"type":"if","locations":[{"start":{"line":16,"column":2},"end":{"line":20,"column":3}},{"start":{"line":18,"column":9},"end":{"line":20,"column":3}}],"line":16},"1":{"loc":{"start":{"line":26,"column":2},"end":{"line":36,"column":3}},"type":"if","locations":[{"start":{"line":26,"column":2},"end":{"line":36,"column":3}},{"start":{"line":28,"column":9},"end":{"line":36,"column":3}}],"line":26},"2":{"loc":{"start":{"line":30,"column":6},"end":{"line":32,"column":7}},"type":"if","locations":[{"start":{"line":30,"column":6},"end":{"line":32,"column":7}},{"start":{},"end":{}}],"line":30},"3":{"loc":{"start":{"line":42,"column":2},"end":{"line":52,"column":3}},"type":"if","locations":[{"start":{"line":42,"column":2},"end":{"line":52,"column":3}},{"start":{"line":44,"column":9},"end":{"line":52,"column":3}}],"line":42},"4":{"loc":{"start":{"line":46,"column":6},"end":{"line":48,"column":7}},"type":"if","locations":[{"start":{"line":46,"column":6},"end":{"line":48,"column":7}},{"start":{},"end":{}}],"line":46},"5":{"loc":{"start":{"line":63,"column":2},"end":{"line":68,"column":3}},"type":"if","locations":[{"start":{"line":63,"column":2},"end":{"line":68,"column":3}},{"start":{},"end":{}}],"line":63},"6":{"loc":{"start":{"line":64,"column":4},"end":{"line":65,"column":22}},"type":"binary-expr","locations":[{"start":{"line":64,"column":5},"end":{"line":64,"column":30}},{"start":{"line":64,"column":34},"end":{"line":64,"column":64}},{"start":{"line":65,"column":4},"end":{"line":65,"column":22}}],"line":64},"7":{"loc":{"start":{"line":107,"column":2},"end":{"line":112,"column":3}},"type":"if","locations":[{"start":{"line":107,"column":2},"end":{"line":112,"column":3}},{"start":{},"end":{}}],"line":107},"8":{"loc":{"start":{"line":108,"column":4},"end":{"line":109,"column":22}},"type":"binary-expr","locations":[{"start":{"line":108,"column":5},"end":{"line":108,"column":30}},{"start":{"line":108,"column":34},"end":{"line":108,"column":64}},{"start":{"line":109,"column":4},"end":{"line":109,"column":22}}],"line":108}},"s":{"0":1,"1":1,"2":1,"3":0,"4":0,"5":0,"6":0,"7":0,"8":0,"9":0,"10":0,"11":0,"12":0,"13":0,"14":0,"15":0,"16":0,"17":0,"18":0,"19":0,"20":0,"21":0,"22":0,"23":0,"24":1,"25":1,"26":1,"27":0,"28":0,"29":0,"30":0,"31":0,"32":0,"33":0,"34":0,"35":0,"36":0,"37":0,"38":0,"39":0,"40":0,"41":0,"42":0,"43":0,"44":0,"45":0,"46":0,"47":0,"48":0,"49":0,"50":0,"51":0,"52":1,"53":1,"54":1},"f":{"0":0,"1":0,"2":0,"3":0,"4":0,"5":0,"6":1,"7":0,"8":0,"9":0,"10":0,"11":0,"12":1},"b":{"0":[0,0],"1":[0,0],"2":[0,0],"3":[0,0],"4":[0,0],"5":[1,0],"6":[1,1,1],"7":[0,0],"8":[0,0,0]},"_coverageSchema":"1a1c01bbd47fc00a2c39e90264f33305004495a9","hash":"448282191d2f5a85222cf424423d13eb2d2f0055"}
,"/Users/dylanwatanabe/Desktop/Desktop Stuff/Cal Poly Files/Fall 2024/CSC 308/project_directory/ToDoList-308/backend/userservices.js": {"path":"/Users/dylanwatanabe/Desktop/Desktop Stuff/Cal Poly Files/Fall 2024/CSC 308/project_directory/ToDoList-308/backend/userservices.js","statementMap":{"0":{"start":{"line":5,"column":0},"end":{"line":5,"column":16}},"1":{"start":{"line":7,"column":0},"end":{"line":12,"column":40}},"2":{"start":{"line":12,"column":20},"end":{"line":12,"column":38}},"3":{"start":{"line":15,"column":2},"end":{"line":30,"column":7}},"4":{"start":{"line":17,"column":6},"end":{"line":22,"column":7}},"5":{"start":{"line":18,"column":8},"end":{"line":18,"column":47}},"6":{"start":{"line":20,"column":26},"end":{"line":20,"column":40}},"7":{"start":{"line":21,"column":8},"end":{"line":21,"column":32}},"8":{"start":{"line":25,"column":6},"end":{"line":25,"column":20}},"9":{"start":{"line":28,"column":6},"end":{"line":28,"column":27}},"10":{"start":{"line":29,"column":6},"end":{"line":29,"column":18}},"11":{"start":{"line":35,"column":2},"end":{"line":39,"column":3}},"12":{"start":{"line":36,"column":4},"end":{"line":36,"column":26}},"13":{"start":{"line":38,"column":4},"end":{"line":38,"column":35}},"14":{"start":{"line":40,"column":2},"end":{"line":40,"column":17}},"15":{"start":{"line":44,"column":2},"end":{"line":44,"column":35}},"16":{"start":{"line":50,"column":2},"end":{"line":54,"column":3}},"17":{"start":{"line":51,"column":4},"end":{"line":51,"column":26}},"18":{"start":{"line":53,"column":4},"end":{"line":53,"column":64}},"19":{"start":{"line":56,"column":2},"end":{"line":56,"column":17}},"20":{"start":{"line":60,"column":2},"end":{"line":62,"column":5}},"21":{"start":{"line":61,"column":4},"end":{"line":61,"column":24}},"22":{"start":{"line":66,"column":2},"end":{"line":66,"column":27}},"23":{"start":{"line":70,"column":2},"end":{"line":70,"column":44}}},"fnMap":{"0":{"name":"(anonymous_0)","decl":{"start":{"line":12,"column":9},"end":{"line":12,"column":10}},"loc":{"start":{"line":12,"column":20},"end":{"line":12,"column":38}},"line":12},"1":{"name":"addUser","decl":{"start":{"line":14,"column":9},"end":{"line":14,"column":16}},"loc":{"start":{"line":14,"column":23},"end":{"line":31,"column":1}},"line":14},"2":{"name":"(anonymous_2)","decl":{"start":{"line":16,"column":10},"end":{"line":16,"column":11}},"loc":{"start":{"line":16,"column":28},"end":{"line":23,"column":5}},"line":16},"3":{"name":"(anonymous_3)","decl":{"start":{"line":24,"column":10},"end":{"line":24,"column":11}},"loc":{"start":{"line":24,"column":22},"end":{"line":26,"column":5}},"line":24},"4":{"name":"(anonymous_4)","decl":{"start":{"line":27,"column":11},"end":{"line":27,"column":12}},"loc":{"start":{"line":27,"column":22},"end":{"line":30,"column":5}},"line":27},"5":{"name":"getUsers","decl":{"start":{"line":33,"column":9},"end":{"line":33,"column":17}},"loc":{"start":{"line":33,"column":24},"end":{"line":41,"column":1}},"line":33},"6":{"name":"findUserByName","decl":{"start":{"line":43,"column":9},"end":{"line":43,"column":23}},"loc":{"start":{"line":43,"column":30},"end":{"line":45,"column":1}},"line":43},"7":{"name":"getUser","decl":{"start":{"line":47,"column":9},"end":{"line":47,"column":16}},"loc":{"start":{"line":47,"column":37},"end":{"line":57,"column":1}},"line":47},"8":{"name":"findUserByUsernameAndPassword","decl":{"start":{"line":59,"column":9},"end":{"line":59,"column":38}},"loc":{"start":{"line":59,"column":59},"end":{"line":63,"column":1}},"line":59},"9":{"name":"(anonymous_9)","decl":{"start":{"line":60,"column":51},"end":{"line":60,"column":52}},"loc":{"start":{"line":60,"column":61},"end":{"line":62,"column":3}},"line":60},"10":{"name":"findUserById","decl":{"start":{"line":65,"column":9},"end":{"line":65,"column":21}},"loc":{"start":{"line":65,"column":26},"end":{"line":67,"column":1}},"line":65},"11":{"name":"deleteUser","decl":{"start":{"line":69,"column":9},"end":{"line":69,"column":19}},"loc":{"start":{"line":69,"column":24},"end":{"line":71,"column":1}},"line":69}},"branchMap":{"0":{"loc":{"start":{"line":17,"column":6},"end":{"line":22,"column":7}},"type":"if","locations":[{"start":{"line":17,"column":6},"end":{"line":22,"column":7}},{"start":{"line":19,"column":13},"end":{"line":22,"column":7}}],"line":17},"1":{"loc":{"start":{"line":35,"column":2},"end":{"line":39,"column":3}},"type":"if","locations":[{"start":{"line":35,"column":2},"end":{"line":39,"column":3}},{"start":{"line":37,"column":9},"end":{"line":39,"column":3}}],"line":35},"2":{"loc":{"start":{"line":50,"column":2},"end":{"line":54,"column":3}},"type":"if","locations":[{"start":{"line":50,"column":2},"end":{"line":54,"column":3}},{"start":{"line":52,"column":9},"end":{"line":54,"column":3}}],"line":50},"3":{"loc":{"start":{"line":50,"column":6},"end":{"line":50,"column":54}},"type":"binary-expr","locations":[{"start":{"line":50,"column":6},"end":{"line":50,"column":28}},{"start":{"line":50,"column":32},"end":{"line":50,"column":54}}],"line":50},"4":{"loc":{"start":{"line":61,"column":11},"end":{"line":61,"column":23}},"type":"binary-expr","locations":[{"start":{"line":61,"column":11},"end":{"line":61,"column":15}},{"start":{"line":61,"column":19},"end":{"line":61,"column":23}}],"line":61}},"s":{"0":1,"1":1,"2":0,"3":0,"4":0,"5":0,"6":0,"7":0,"8":0,"9":0,"10":0,"11":0,"12":0,"13":0,"14":0,"15":0,"16":0,"17":0,"18":0,"19":0,"20":0,"21":0,"22":0,"23":0},"f":{"0":0,"1":0,"2":0,"3":0,"4":0,"5":0,"6":0,"7":0,"8":0,"9":0,"10":0,"11":0},"b":{"0":[0,0],"1":[0,0],"2":[0,0],"3":[0,0],"4":[0,0]},"_coverageSchema":"1a1c01bbd47fc00a2c39e90264f33305004495a9","hash":"393c10faec29c82dacf015c1c7a301194f0e416d"}
}
