TN:
SF:backend/Task.js
FN:20,(anonymous_0)
FN:24,(anonymous_1)
FN:59,(anonymous_2)
FNF:3
FNH:0
FNDA:0,(anonymous_0)
FNDA:0,(anonymous_1)
FNDA:0,(anonymous_2)
DA:3,2
DA:22,0
DA:25,0
DA:59,2
DA:60,0
DA:61,0
DA:63,0
DA:65,2
LF:8
LH:3
BRDA:60,0,0,0
BRDA:60,0,1,0
BRF:2
BRH:0
end_of_record
TN:
SF:backend/User.js
FN:9,(anonymous_0)
FN:18,(anonymous_1)
FN:27,(anonymous_2)
FNF:3
FNH:0
FNDA:0,(anonymous_0)
FNDA:0,(anonymous_1)
FNDA:0,(anonymous_2)
DA:3,2
DA:10,0
DA:11,0
DA:19,0
DA:20,0
DA:28,0
DA:29,0
DA:35,2
LF:8
LH:2
BRDA:10,0,0,0
BRDA:10,0,1,0
BRDA:19,1,0,0
BRDA:19,1,1,0
BRDA:28,2,0,0
BRDA:28,2,1,0
BRDA:35,3,0,2
BRDA:35,3,1,2
BRF:8
BRH:2
end_of_record
TN:
SF:backend/taskservices.js
FN:12,(anonymous_0)
FN:14,getTask
FN:24,setTaskTrue
FN:29,(anonymous_3)
FN:40,setTaskFalse
FN:45,(anonymous_5)
FN:60,getWeekTasksTrue
FN:104,getWeekTasksFalse
FN:147,(anonymous_8)
FN:149,(anonymous_9)
FN:153,(anonymous_10)
FN:160,findTaskByUserId
FN:164,addTask
FNF:13
FNH:2
FNDA:0,(anonymous_0)
FNDA:0,getTask
FNDA:0,setTaskTrue
FNDA:0,(anonymous_3)
FNDA:0,setTaskFalse
FNDA:0,(anonymous_5)
FNDA:1,getWeekTasksTrue
FNDA:0,getWeekTasksFalse
FNDA:0,(anonymous_8)
FNDA:0,(anonymous_9)
FNDA:0,(anonymous_10)
FNDA:0,findTaskByUserId
FNDA:1,addTask
DA:5,1
DA:6,1
DA:7,1
DA:12,0
DA:16,0
DA:17,0
DA:19,0
DA:21,0
DA:26,0
DA:27,0
DA:29,0
DA:30,0
DA:31,0
DA:33,0
DA:34,0
DA:37,0
DA:42,0
DA:43,0
DA:45,0
DA:46,0
DA:47,0
DA:49,0
DA:50,0
DA:53,0
DA:61,1
DA:63,1
DA:67,1
DA:71,0
DA:72,0
DA:74,0
DA:75,0
DA:77,0
DA:96,0
DA:97,0
DA:105,0
DA:107,0
DA:111,0
DA:115,0
DA:117,0
DA:119,0
DA:120,0
DA:122,0
DA:123,0
DA:125,0
DA:144,0
DA:146,0
DA:148,0
DA:149,0
DA:150,0
DA:154,0
DA:157,0
DA:161,0
DA:165,1
DA:166,1
DA:167,1
LF:55
LH:9
BRDA:16,0,0,0
BRDA:16,0,1,0
BRDA:26,1,0,0
BRDA:26,1,1,0
BRDA:30,2,0,0
BRDA:30,2,1,0
BRDA:42,3,0,0
BRDA:42,3,1,0
BRDA:46,4,0,0
BRDA:46,4,1,0
BRDA:63,5,0,1
BRDA:63,5,1,0
BRDA:64,6,0,1
BRDA:64,6,1,1
BRDA:64,6,2,1
BRDA:107,7,0,0
BRDA:107,7,1,0
BRDA:108,8,0,0
BRDA:108,8,1,0
BRDA:108,8,2,0
BRF:20
BRH:4
end_of_record
TN:
SF:backend/userservices.js
FN:12,(anonymous_0)
FN:14,addUser
FN:16,(anonymous_2)
FN:24,(anonymous_3)
FN:27,(anonymous_4)
FN:33,getUsers
FN:43,findUserByName
FN:47,getUser
FN:59,findUserByUsernameAndPassword
FN:60,(anonymous_9)
FN:65,findUserById
FN:69,deleteUser
FNF:12
FNH:0
FNDA:0,(anonymous_0)
FNDA:0,addUser
FNDA:0,(anonymous_2)
FNDA:0,(anonymous_3)
FNDA:0,(anonymous_4)
FNDA:0,getUsers
FNDA:0,findUserByName
FNDA:0,getUser
FNDA:0,findUserByUsernameAndPassword
FNDA:0,(anonymous_9)
FNDA:0,findUserById
FNDA:0,deleteUser
DA:5,1
DA:7,1
DA:12,0
DA:15,0
DA:17,0
DA:18,0
DA:20,0
DA:21,0
DA:25,0
DA:28,0
DA:29,0
DA:35,0
DA:36,0
DA:38,0
DA:40,0
DA:44,0
DA:50,0
DA:51,0
DA:53,0
DA:56,0
DA:60,0
DA:61,0
DA:66,0
DA:70,0
LF:24
LH:2
BRDA:17,0,0,0
BRDA:17,0,1,0
BRDA:35,1,0,0
BRDA:35,1,1,0
BRDA:50,2,0,0
BRDA:50,2,1,0
BRDA:50,3,0,0
BRDA:50,3,1,0
BRDA:61,4,0,0
BRDA:61,4,1,0
BRF:10
BRH:0
end_of_record
